{"name": "Test Case to Check ChromeOptions TC#1", "status": "failed", "statusDetails": {"message": "AssertionError: The given URL is not Matching\nassert 'https://kata...erokuapp.com/' == 'https://app.vwo.com/#/login'\n  \n  - https://app.vwo.com/#/login\n  + https://katalon-demo-cura.herokuapp.com/", "trace": "@allure.title(\"Test Case to Check ChromeOptions TC#1\")\n    @allure.description(\"To verify th Current Url\")\n    @pytest.mark.bala\n    def test_check_chrome_options():\n        chrome_options = Options()\n        chrome_options.add_argument(\"--incogito\")\n        driver = webdriver.Chrome(chrome_options)\n        time.sleep(1)\n        driver.maximize_window()\n        driver.get(\"https://katalon-demo-cura.herokuapp.com/\")\n        title = driver.title\n        print(\"Title:\\t\", title)\n>       assert driver.current_url == \"https://app.vwo.com/#/login\", \"The given URL is not Matching\"\nE       AssertionError: The given URL is not Matching\nE       assert 'https://kata...erokuapp.com/' == 'https://app.vwo.com/#/login'\nE         \nE         - https://app.vwo.com/#/login\nE         + https://katalon-demo-cura.herokuapp.com/\n\nsrc\\ex_17102024\\test_Lab002.py:19: AssertionError"}, "description": "To verify th Current Url", "start": 1729219496192, "stop": 1729219504476, "uuid": "06c2213e-0079-4f6e-8471-b4451ae8d1ca", "historyId": "1e1ab01ae855a6a8f50e61359239ed22", "testCaseId": "1e1ab01ae855a6a8f50e61359239ed22", "fullName": "src.ex_17102024.test_Lab002#test_check_chrome_options", "labels": [{"name": "tag", "value": "bala"}, {"name": "parentSuite", "value": "src.ex_17102024"}, {"name": "suite", "value": "test_Lab002"}, {"name": "host", "value": "DESKTOP-07C4ROQ"}, {"name": "thread", "value": "11844-MainThread"}, {"name": "framework", "value": "pytest"}, {"name": "language", "value": "cpython3"}, {"name": "package", "value": "src.ex_17102024.test_Lab002"}]}